<?xml version="1.0" encoding="UTF-8"?>
<!-- Generated by org.testng.reporters.JUnitXMLReporter -->
<testsuite hostname="DESKTOP-3J8POV3" ignored="2" name="Default test" tests="1" failures="0" timestamp="07 May 2020 11:58:05 GMT" time="31.813" errors="0">
  <testcase name="ProfileReviewchk" time="8.345" classname="com.qa.testcases.TestInsurancecomp"/>
  <testcase name="SubmitReview" time="0.0" classname="com.qa.testcases.TestInsurancecomp">
    <ignored/>
  </testcase> <!-- SubmitReview -->
  <testcase name="RatingstarsLitup" time="0.0" classname="com.qa.testcases.TestInsurancecomp">
    <ignored/>
  </testcase> <!-- RatingstarsLitup -->
</testsuite> <!-- Default test -->
