<?xml version="1.0" encoding="UTF-8"?>
<!-- Generated by org.testng.reporters.JUnitXMLReporter -->
<testsuite hostname="DESKTOP-3J8POV3" ignored="2" name="Default test" tests="1" failures="0" timestamp="04 May 2020 13:42:16 GMT" time="23.689" errors="0">
  <testcase name="ProfileReviewchk" time="6.09" classname="com.qa.testcases.TestInsurancecomp"/>
  <testcase name="WriteReview" time="0.0" classname="com.qa.testcases.TestInsurancecomp">
    <ignored/>
  </testcase> <!-- WriteReview -->
  <testcase name="RatingstarsLitup" time="0.0" classname="com.qa.testcases.TestInsurancecomp">
    <ignored/>
  </testcase> <!-- RatingstarsLitup -->
</testsuite> <!-- Default test -->
