<?xml version="1.0" encoding="UTF-8"?>
<!-- Generated by org.testng.reporters.JUnitXMLReporter -->
<testsuite hostname="DESKTOP-3J8POV3" ignored="0" name="Test" tests="7" failures="0" timestamp="05 May 2020 04:57:32 GMT" time="38.493" errors="0">
  <testcase name="@BeforeMethod Setup" time="38.437" classname="com.qa.testcases.TestInsurancecomp">
    <failure type="org.openqa.selenium.NoSuchElementException" message="no such element: Unable to locate element: {&amp;quot;method&amp;quot;:&amp;quot;xpath&amp;quot;,&amp;quot;selector&amp;quot;:&amp;quot;//*[@id=&amp;apos;web-app&amp;apos;]/header//span[text()=&amp;apos;Login&amp;apos;]&amp;quot;}
  (Session info: chrome=81.0.4044.129)
For documentation on this error, please visit: https://www.seleniumhq.org/exceptions/no_such_element.html
Build info: version: &amp;apos;3.141.59&amp;apos;, revision: &amp;apos;e82be7d358&amp;apos;, time: &amp;apos;2018-11-14T08:17:03&amp;apos;
System info: host: &amp;apos;DESKTOP-3J8POV3&amp;apos;, ip: &amp;apos;172.20.10.5&amp;apos;, os.name: &amp;apos;Windows 10&amp;apos;, os.arch: &amp;apos;amd64&amp;apos;, os.version: &amp;apos;10.0&amp;apos;, java.version: &amp;apos;1.8.0_191&amp;apos;
Driver info: org.openqa.selenium.chrome.ChromeDriver
Capabilities {acceptInsecureCerts: false, browserName: chrome, browserVersion: 81.0.4044.129, chrome: {chromedriverVersion: 81.0.4044.69 (6813546031a4b..., userDataDir: C:\Users\rudra\AppData\Loca...}, goog:chromeOptions: {debuggerAddress: localhost:58486}, javascriptEnabled: true, networkConnectionEnabled: false, pageLoadStrategy: normal, platform: WINDOWS, platformName: WINDOWS, proxy: Proxy(), setWindowRect: true, strictFileInteractability: false, timeouts: {implicit: 0, pageLoad: 300000, script: 30000}, unhandledPromptBehavior: dismiss and notify, webauthn:virtualAuthenticators: true}
Session ID: f2ab3b3e515e14b897d192b2bf4b0a37
*** Element info: {Using=xpath, value=//*[@id=&amp;apos;web-app&amp;apos;]/header//span[text()=&amp;apos;Login&amp;apos;]}">
      <![CDATA[org.openqa.selenium.NoSuchElementException: no such element: Unable to locate element: {"method":"xpath","selector":"//*[@id='web-app']/header//span[text()='Login']"}
  (Session info: chrome=81.0.4044.129)
For documentation on this error, please visit: https://www.seleniumhq.org/exceptions/no_such_element.html
Build info: version: '3.141.59', revision: 'e82be7d358', time: '2018-11-14T08:17:03'
System info: host: 'DESKTOP-3J8POV3', ip: '172.20.10.5', os.name: 'Windows 10', os.arch: 'amd64', os.version: '10.0', java.version: '1.8.0_191'
Driver info: org.openqa.selenium.chrome.ChromeDriver
Capabilities {acceptInsecureCerts: false, browserName: chrome, browserVersion: 81.0.4044.129, chrome: {chromedriverVersion: 81.0.4044.69 (6813546031a4b..., userDataDir: C:\Users\rudra\AppData\Loca...}, goog:chromeOptions: {debuggerAddress: localhost:58486}, javascriptEnabled: true, networkConnectionEnabled: false, pageLoadStrategy: normal, platform: WINDOWS, platformName: WINDOWS, proxy: Proxy(), setWindowRect: true, strictFileInteractability: false, timeouts: {implicit: 0, pageLoad: 300000, script: 30000}, unhandledPromptBehavior: dismiss and notify, webauthn:virtualAuthenticators: true}
Session ID: f2ab3b3e515e14b897d192b2bf4b0a37
*** Element info: {Using=xpath, value=//*[@id='web-app']/header//span[text()='Login']}
at org.openqa.selenium.remote.http.W3CHttpResponseCodec.createException(W3CHttpResponseCodec.java:187)
at org.openqa.selenium.remote.http.W3CHttpResponseCodec.decode(W3CHttpResponseCodec.java:122)
at org.openqa.selenium.remote.http.W3CHttpResponseCodec.decode(W3CHttpResponseCodec.java:49)
at org.openqa.selenium.remote.HttpCommandExecutor.execute(HttpCommandExecutor.java:158)
at org.openqa.selenium.remote.service.DriverCommandExecutor.execute(DriverCommandExecutor.java:83)
at org.openqa.selenium.remote.RemoteWebDriver.execute(RemoteWebDriver.java:552)
at org.openqa.selenium.remote.RemoteWebDriver.findElement(RemoteWebDriver.java:323)
at org.openqa.selenium.remote.RemoteWebDriver.findElementByXPath(RemoteWebDriver.java:428)
at org.openqa.selenium.By$ByXPath.findElement(By.java:353)
at org.openqa.selenium.remote.RemoteWebDriver.findElement(RemoteWebDriver.java:315)
at com.qa.pages.ProjHomePage.ClickLoginbutton(ProjHomePage.java:15)
at com.qa.testcases.TestInsurancecomp.Setup(TestInsurancecomp.java:33)
... Removed 32 stack frames]]>
    </failure>
  </testcase> <!-- @BeforeMethod Setup -->
  <testcase name="@AfterMethod afterstate" time="0.0" classname="com.qa.testcases.TestInsurancecomp">
    <skipped/>
  </testcase> <!-- @AfterMethod afterstate -->
  <testcase name="@BeforeMethod Setup" time="0.0" classname="com.qa.testcases.TestInsurancecomp">
    <skipped/>
  </testcase> <!-- @BeforeMethod Setup -->
  <testcase name="@AfterMethod afterstate" time="0.0" classname="com.qa.testcases.TestInsurancecomp">
    <skipped/>
  </testcase> <!-- @AfterMethod afterstate -->
  <testcase name="@BeforeMethod Setup" time="0.0" classname="com.qa.testcases.TestInsurancecomp">
    <skipped/>
  </testcase> <!-- @BeforeMethod Setup -->
  <testcase name="@AfterMethod afterstate" time="0.0" classname="com.qa.testcases.TestInsurancecomp">
    <skipped/>
  </testcase> <!-- @AfterMethod afterstate -->
  <testcase name="@BeforeMethod Setup" time="0.0" classname="com.qa.testcases.TestInsurancecomp">
    <skipped/>
  </testcase> <!-- @BeforeMethod Setup -->
  <testcase name="@AfterMethod afterstate" time="0.0" classname="com.qa.testcases.TestInsurancecomp">
    <skipped/>
  </testcase> <!-- @AfterMethod afterstate -->
  <testcase name="@BeforeMethod Setup" time="0.0" classname="com.qa.testcases.TestInsurancecomp">
    <skipped/>
  </testcase> <!-- @BeforeMethod Setup -->
  <testcase name="@AfterMethod afterstate" time="0.0" classname="com.qa.testcases.TestInsurancecomp">
    <skipped/>
  </testcase> <!-- @AfterMethod afterstate -->
  <testcase name="@BeforeMethod Setup" time="0.0" classname="com.qa.testcases.TestInsurancecomp">
    <skipped/>
  </testcase> <!-- @BeforeMethod Setup -->
  <testcase name="@AfterMethod afterstate" time="0.0" classname="com.qa.testcases.TestInsurancecomp">
    <skipped/>
  </testcase> <!-- @AfterMethod afterstate -->
  <testcase name="@BeforeMethod Setup" time="0.0" classname="com.qa.testcases.TestInsurancecomp">
    <skipped/>
  </testcase> <!-- @BeforeMethod Setup -->
  <testcase name="@AfterMethod afterstate" time="0.0" classname="com.qa.testcases.TestInsurancecomp">
    <skipped/>
  </testcase> <!-- @AfterMethod afterstate -->
  <testcase name="ProfileReviewchk" time="0.0" classname="com.qa.testcases.TestInsurancecomp">
    <skipped/>
  </testcase> <!-- ProfileReviewchk -->
  <testcase name="RatingstarsLitup" time="0.0" classname="com.qa.testcases.TestInsurancecomp">
    <skipped/>
  </testcase> <!-- RatingstarsLitup -->
  <testcase name="RatingstarsLitup" time="0.0" classname="com.qa.testcases.TestInsurancecomp">
    <skipped/>
  </testcase> <!-- RatingstarsLitup -->
  <testcase name="RatingstarsLitup" time="0.0" classname="com.qa.testcases.TestInsurancecomp">
    <skipped/>
  </testcase> <!-- RatingstarsLitup -->
  <testcase name="RatingstarsLitup" time="0.0" classname="com.qa.testcases.TestInsurancecomp">
    <skipped/>
  </testcase> <!-- RatingstarsLitup -->
  <testcase name="RatingstarsLitup" time="0.0" classname="com.qa.testcases.TestInsurancecomp">
    <skipped/>
  </testcase> <!-- RatingstarsLitup -->
  <testcase name="WriteReview" time="0.0" classname="com.qa.testcases.TestInsurancecomp">
    <skipped/>
  </testcase> <!-- WriteReview -->
</testsuite> <!-- Test -->
