<?xml version="1.0" encoding="UTF-8"?>
<testng-results skipped="0" failed="0" ignored="2" total="3" passed="1">
  <reporter-output>
  </reporter-output>
  <suite name="Default suite" duration-ms="31813" started-at="2020-05-07T11:57:33Z" finished-at="2020-05-07T11:58:05Z">
    <groups>
    </groups>
    <test name="Default test" duration-ms="31813" started-at="2020-05-07T11:57:33Z" finished-at="2020-05-07T11:58:05Z">
      <class name="com.qa.testcases.TestInsurancecomp">
        <test-method status="PASS" signature="Setup()[pri:0, instance:com.qa.testcases.TestInsurancecomp@4b9e13df]" name="Setup" is-config="true" duration-ms="22788" started-at="2020-05-07T11:57:33Z" finished-at="2020-05-07T11:57:56Z">
          <reporter-output>
          </reporter-output>
        </test-method> <!-- Setup -->
        <test-method status="PASS" signature="ProfileReviewchk()[pri:3, instance:com.qa.testcases.TestInsurancecomp@4b9e13df]" name="ProfileReviewchk" duration-ms="8345" started-at="2020-05-07T11:57:56Z" finished-at="2020-05-07T11:58:04Z">
          <reporter-output>
          </reporter-output>
        </test-method> <!-- ProfileReviewchk -->
        <test-method status="PASS" signature="afterstate()[pri:0, instance:com.qa.testcases.TestInsurancecomp@4b9e13df]" name="afterstate" is-config="true" duration-ms="659" started-at="2020-05-07T11:58:04Z" finished-at="2020-05-07T11:58:05Z">
          <reporter-output>
          </reporter-output>
        </test-method> <!-- afterstate -->
      </class> <!-- com.qa.testcases.TestInsurancecomp -->
    </test> <!-- Default test -->
  </suite> <!-- Default suite -->
</testng-results>
